<?xml version="1.0" encoding="UTF-8"?>
<testsuite name="org.generation.ecommerce.EcommerceApplicationTests" tests="4" skipped="2" failures="0" errors="0" timestamp="2024-07-08T18:33:49" hostname="DESKTOP-5R3UUVM" time="1.081">
  <properties/>
  <testcase name="Se prueba Crear un producto nuevo" classname="org.generation.ecommerce.EcommerceApplicationTests" time="0.021">
    <skipped/>
  </testcase>
  <testcase name="Se prueba el GET endpoint http://localhost:8088/api/productos/3" classname="org.generation.ecommerce.EcommerceApplicationTests" time="0.721"/>
  <testcase name="Se prueba modificar un producto" classname="org.generation.ecommerce.EcommerceApplicationTests" time="0.317"/>
  <testcase name="Se prueba el DELETE del endpoint http://local host:8088/api/productos/1" classname="org.generation.ecommerce.EcommerceApplicationTests" time="0.0">
    <skipped/>
  </testcase>
  <system-out><![CDATA[12:33:37.169 [Test worker] DEBUG org.springframework.test.context.BootstrapUtils - Instantiating CacheAwareContextLoaderDelegate from class [org.springframework.test.context.cache.DefaultCacheAwareContextLoaderDelegate]
12:33:37.184 [Test worker] DEBUG org.springframework.test.context.BootstrapUtils - Instantiating BootstrapContext using constructor [public org.springframework.test.context.support.DefaultBootstrapContext(java.lang.Class,org.springframework.test.context.CacheAwareContextLoaderDelegate)]
12:33:37.246 [Test worker] DEBUG org.springframework.test.context.BootstrapUtils - Instantiating TestContextBootstrapper for test class [org.generation.ecommerce.EcommerceApplicationTests] from class [org.springframework.boot.test.context.SpringBootTestContextBootstrapper]
12:33:37.279 [Test worker] INFO org.springframework.boot.test.context.SpringBootTestContextBootstrapper - Neither @ContextConfiguration nor @ContextHierarchy found for test class [org.generation.ecommerce.EcommerceApplicationTests], using SpringBootContextLoader
12:33:37.288 [Test worker] DEBUG org.springframework.test.context.support.AbstractContextLoader - Did not detect default resource location for test class [org.generation.ecommerce.EcommerceApplicationTests]: class path resource [org/generation/ecommerce/EcommerceApplicationTests-context.xml] does not exist
12:33:37.290 [Test worker] DEBUG org.springframework.test.context.support.AbstractContextLoader - Did not detect default resource location for test class [org.generation.ecommerce.EcommerceApplicationTests]: class path resource [org/generation/ecommerce/EcommerceApplicationTestsContext.groovy] does not exist
12:33:37.290 [Test worker] INFO org.springframework.test.context.support.AbstractContextLoader - Could not detect default resource locations for test class [org.generation.ecommerce.EcommerceApplicationTests]: no resource found for suffixes {-context.xml, Context.groovy}.
12:33:37.295 [Test worker] INFO org.springframework.test.context.support.AnnotationConfigContextLoaderUtils - Could not detect default configuration classes for test class [org.generation.ecommerce.EcommerceApplicationTests]: EcommerceApplicationTests does not declare any static, non-private, non-final, nested classes annotated with @Configuration.
12:33:37.429 [Test worker] DEBUG org.springframework.test.context.support.ActiveProfilesUtils - Could not find an 'annotation declaring class' for annotation type [org.springframework.test.context.ActiveProfiles] and class [org.generation.ecommerce.EcommerceApplicationTests]
12:33:37.596 [Test worker] DEBUG org.springframework.context.annotation.ClassPathScanningCandidateComponentProvider - Identified candidate component class: file [C:\Users\Andrea Ortiz\Documents\CH41\Ejercicios\workspace\ecommerce\build\classes\java\main\org\generation\ecommerce\EcommerceApplication.class]
12:33:37.598 [Test worker] INFO org.springframework.boot.test.context.SpringBootTestContextBootstrapper - Found @SpringBootConfiguration org.generation.ecommerce.EcommerceApplication for test class org.generation.ecommerce.EcommerceApplicationTests
12:33:37.923 [Test worker] DEBUG org.springframework.boot.test.context.SpringBootTestContextBootstrapper - @TestExecutionListeners is not present for class [org.generation.ecommerce.EcommerceApplicationTests]: using defaults.
12:33:37.925 [Test worker] INFO org.springframework.boot.test.context.SpringBootTestContextBootstrapper - Loaded default TestExecutionListener class names from location [META-INF/spring.factories]: [org.springframework.boot.test.autoconfigure.restdocs.RestDocsTestExecutionListener, org.springframework.boot.test.autoconfigure.web.client.MockRestServiceServerResetTestExecutionListener, org.springframework.boot.test.autoconfigure.web.servlet.MockMvcPrintOnlyOnFailureTestExecutionListener, org.springframework.boot.test.autoconfigure.web.servlet.WebDriverTestExecutionListener, org.springframework.boot.test.autoconfigure.webservices.client.MockWebServiceServerTestExecutionListener, org.springframework.boot.test.mock.mockito.MockitoTestExecutionListener, org.springframework.boot.test.mock.mockito.ResetMocksTestExecutionListener, org.springframework.test.context.web.ServletTestExecutionListener, org.springframework.test.context.support.DirtiesContextBeforeModesTestExecutionListener, org.springframework.test.context.event.ApplicationEventsTestExecutionListener, org.springframework.test.context.support.DependencyInjectionTestExecutionListener, org.springframework.test.context.support.DirtiesContextTestExecutionListener, org.springframework.test.context.transaction.TransactionalTestExecutionListener, org.springframework.test.context.jdbc.SqlScriptsTestExecutionListener, org.springframework.test.context.event.EventPublishingTestExecutionListener]
12:33:37.972 [Test worker] INFO org.springframework.boot.test.context.SpringBootTestContextBootstrapper - Using TestExecutionListeners: [org.springframework.test.context.web.ServletTestExecutionListener@2b50150, org.springframework.test.context.support.DirtiesContextBeforeModesTestExecutionListener@15b986cd, org.springframework.test.context.event.ApplicationEventsTestExecutionListener@6bb7cce7, org.springframework.boot.test.mock.mockito.MockitoTestExecutionListener@41c62850, org.springframework.boot.test.autoconfigure.SpringBootDependencyInjectionTestExecutionListener@6b530eb9, org.springframework.test.context.support.DirtiesContextTestExecutionListener@328572f0, org.springframework.test.context.transaction.TransactionalTestExecutionListener@678040b3, org.springframework.test.context.jdbc.SqlScriptsTestExecutionListener@17f460bb, org.springframework.test.context.event.EventPublishingTestExecutionListener@64a1923a, org.springframework.boot.test.autoconfigure.restdocs.RestDocsTestExecutionListener@7d2a6eac, org.springframework.boot.test.autoconfigure.web.client.MockRestServiceServerResetTestExecutionListener@18ca3c62, org.springframework.boot.test.autoconfigure.web.servlet.MockMvcPrintOnlyOnFailureTestExecutionListener@2c0f7678, org.springframework.boot.test.autoconfigure.web.servlet.WebDriverTestExecutionListener@44d70181, org.springframework.boot.test.autoconfigure.webservices.client.MockWebServiceServerTestExecutionListener@6aa648b9, org.springframework.boot.test.mock.mockito.ResetMocksTestExecutionListener@23c650a3]
12:33:37.982 [Test worker] DEBUG org.springframework.test.context.support.AbstractDirtiesContextTestExecutionListener - Before test class: context [DefaultTestContext@169da7f2 testClass = EcommerceApplicationTests, testInstance = [null], testMethod = [null], testException = [null], mergedContextConfiguration = [WebMergedContextConfiguration@3c1e23ff testClass = EcommerceApplicationTests, locations = '{}', classes = '{class org.generation.ecommerce.EcommerceApplication}', contextInitializerClasses = '[]', activeProfiles = '{}', propertySourceLocations = '{}', propertySourceProperties = '{org.springframework.boot.test.context.SpringBootTestContextBootstrapper=true}', contextCustomizers = set[org.springframework.boot.test.autoconfigure.actuate.metrics.MetricsExportContextCustomizerFactory$DisableMetricExportContextCustomizer@2e54db99, org.springframework.boot.test.autoconfigure.properties.PropertyMappingContextCustomizer@4b3fa0b3, org.springframework.boot.test.autoconfigure.web.servlet.WebDriverContextCustomizerFactory$Customizer@5ddabb18, [ImportsContextCustomizer@ceb4bd2 key = [org.springframework.boot.test.autoconfigure.web.servlet.MockMvcAutoConfiguration, org.springframework.boot.test.autoconfigure.web.servlet.MockMvcWebClientAutoConfiguration, org.springframework.boot.test.autoconfigure.web.servlet.MockMvcWebDriverAutoConfiguration, org.springframework.boot.autoconfigure.security.oauth2.client.servlet.OAuth2ClientAutoConfiguration, org.springframework.boot.autoconfigure.security.oauth2.resource.servlet.OAuth2ResourceServerAutoConfiguration, org.springframework.boot.autoconfigure.security.servlet.SecurityAutoConfiguration, org.springframework.boot.autoconfigure.security.servlet.SecurityFilterAutoConfiguration, org.springframework.boot.autoconfigure.security.servlet.UserDetailsServiceAutoConfiguration, org.springframework.boot.test.autoconfigure.web.servlet.MockMvcSecurityConfiguration, org.springframework.boot.test.autoconfigure.web.reactive.WebTestClientAutoConfiguration]], org.springframework.boot.test.context.filter.ExcludeFilterContextCustomizer@34a75079, org.springframework.boot.test.json.DuplicateJsonObjectContextCustomizerFactory$DuplicateJsonObjectContextCustomizer@2e029d61, org.springframework.boot.test.mock.mockito.MockitoContextCustomizer@0, org.springframework.boot.test.web.client.TestRestTemplateContextCustomizer@545de5a4, org.springframework.boot.test.context.SpringBootTestArgs@1, org.springframework.boot.test.context.SpringBootTestWebEnvironment@27d5a580], resourceBasePath = 'src/main/webapp', contextLoader = 'org.springframework.boot.test.context.SpringBootContextLoader', parent = [null]], attributes = map['org.springframework.test.context.web.ServletTestExecutionListener.activateListener' -> true]], class annotated with @DirtiesContext [false] with mode [null].

  .   ____          _            __ _ _
 /\\ / ___'_ __ _ _(_)_ __  __ _ \ \ \ \
( ( )\___ | '_ | '_| | '_ \/ _` | \ \ \ \
 \\/  ___)| |_)| | | | | || (_| |  ) ) ) )
  '  |____| .__|_| |_|_| |_\__, | / / / /
 =========|_|==============|___/=/_/_/_/
 :: Spring Boot ::               (v2.7.15)

2024-07-08 12:33:38.644  INFO 32436 --- [    Test worker] o.g.ecommerce.EcommerceApplicationTests  : Starting EcommerceApplicationTests using Java 17.0.10 on DESKTOP-5R3UUVM with PID 32436 (started by Andrea in C:\Users\Andrea Ortiz\Documents\CH41\Ejercicios\workspace\ecommerce)
2024-07-08 12:33:38.646  INFO 32436 --- [    Test worker] o.g.ecommerce.EcommerceApplicationTests  : No active profile set, falling back to 1 default profile: "default"
2024-07-08 12:33:40.421  INFO 32436 --- [    Test worker] .s.d.r.c.RepositoryConfigurationDelegate : Bootstrapping Spring Data JPA repositories in DEFAULT mode.
2024-07-08 12:33:40.573  INFO 32436 --- [    Test worker] .s.d.r.c.RepositoryConfigurationDelegate : Finished Spring Data repository scanning in 129 ms. Found 3 JPA repository interfaces.
2024-07-08 12:33:42.294  INFO 32436 --- [    Test worker] o.hibernate.jpa.internal.util.LogHelper  : HHH000204: Processing PersistenceUnitInfo [name: default]
2024-07-08 12:33:42.450  INFO 32436 --- [    Test worker] org.hibernate.Version                    : HHH000412: Hibernate ORM core version 5.6.15.Final
2024-07-08 12:33:42.960  INFO 32436 --- [    Test worker] o.hibernate.annotations.common.Version   : HCANN000001: Hibernate Commons Annotations {5.1.2.Final}
2024-07-08 12:33:43.255  INFO 32436 --- [    Test worker] com.zaxxer.hikari.HikariDataSource       : HikariPool-1 - Starting...
2024-07-08 12:33:43.961  INFO 32436 --- [    Test worker] com.zaxxer.hikari.HikariDataSource       : HikariPool-1 - Start completed.
2024-07-08 12:33:44.030  INFO 32436 --- [    Test worker] org.hibernate.dialect.Dialect            : HHH000400: Using dialect: org.hibernate.dialect.MySQL8Dialect
2024-07-08 12:33:45.496  INFO 32436 --- [    Test worker] o.h.e.t.j.p.i.JtaPlatformInitiator       : HHH000490: Using JtaPlatform implementation: [org.hibernate.engine.transaction.jta.platform.internal.NoJtaPlatform]
2024-07-08 12:33:45.513  INFO 32436 --- [    Test worker] j.LocalContainerEntityManagerFactoryBean : Initialized JPA EntityManagerFactory for persistence unit 'default'
2024-07-08 12:33:46.526  WARN 32436 --- [    Test worker] .s.s.UserDetailsServiceAutoConfiguration : 

Using generated security password: 217f35ba-8527-45d6-b7a5-b1e0ceab665d

This generated password is for development use only. Your security configuration must be updated before running your application in production.

2024-07-08 12:33:46.986  INFO 32436 --- [    Test worker] o.s.s.web.DefaultSecurityFilterChain     : Will secure any request with [org.springframework.security.web.session.DisableEncodeUrlFilter@7d5cbcc9, org.springframework.security.web.context.request.async.WebAsyncManagerIntegrationFilter@3833897c, org.springframework.security.web.context.SecurityContextPersistenceFilter@1932ad2c, org.springframework.security.web.header.HeaderWriterFilter@16eb93af, org.springframework.security.web.authentication.logout.LogoutFilter@7866a7a6, org.springframework.security.web.authentication.www.BasicAuthenticationFilter@5f1c406e, org.springframework.security.web.savedrequest.RequestCacheAwareFilter@75973f7a, org.springframework.security.web.servletapi.SecurityContextHolderAwareRequestFilter@68dbe225, org.springframework.security.web.authentication.AnonymousAuthenticationFilter@519eab1e, org.springframework.security.web.session.SessionManagementFilter@3123ba75, org.springframework.security.web.access.ExceptionTranslationFilter@407d2a01, org.springframework.security.web.access.intercept.AuthorizationFilter@121f9c52]
2024-07-08 12:33:47.590  WARN 32436 --- [    Test worker] JpaBaseConfiguration$JpaWebConfiguration : spring.jpa.open-in-view is enabled by default. Therefore, database queries may be performed during view rendering. Explicitly configure spring.jpa.open-in-view to disable this warning
2024-07-08 12:33:49.276  INFO 32436 --- [    Test worker] o.s.b.t.m.w.SpringBootMockServletContext : Initializing Spring TestDispatcherServlet ''
2024-07-08 12:33:49.276  INFO 32436 --- [    Test worker] o.s.t.web.servlet.TestDispatcherServlet  : Initializing Servlet ''
2024-07-08 12:33:49.285  INFO 32436 --- [    Test worker] o.s.t.web.servlet.TestDispatcherServlet  : Completed initialization in 9 ms
2024-07-08 12:33:49.372  INFO 32436 --- [    Test worker] o.g.ecommerce.EcommerceApplicationTests  : Started EcommerceApplicationTests in 11.308 seconds (JVM running for 13.999)

MockHttpServletRequest:
      HTTP Method = GET
      Request URI = /api/productos/4
       Parameters = {}
          Headers = []
             Body = null
    Session Attrs = {}

Handler:
             Type = org.generation.ecommerce.controller.ProductosController
           Method = org.generation.ecommerce.controller.ProductosController#getProductos(Long)

Async:
    Async started = false
     Async result = null

Resolved Exception:
             Type = null

ModelAndView:
        View name = null
             View = null
            Model = null

FlashMap:
       Attributes = null

MockHttpServletResponse:
           Status = 200
    Error message = null
          Headers = [Content-Type:"application/json", X-Content-Type-Options:"nosniff", X-XSS-Protection:"1; mode=block", Cache-Control:"no-cache, no-store, max-age=0, must-revalidate", Pragma:"no-cache", Expires:"0", X-Frame-Options:"DENY"]
     Content type = application/json
             Body = {"id":4,"nombre":"Plumas Bic Cristal Intenso 12 piezas","descripcion":"Plima bic cristal dura más / punto medio / tinta negra","imagen":"515ftw-2.jpg","precio":49.95,"categoria_id":null}
    Forwarded URL = null
   Redirected URL = null
          Cookies = []

MockHttpServletRequest:
      HTTP Method = GET
      Request URI = /api/productos/4
       Parameters = {}
          Headers = []
             Body = null
    Session Attrs = {}

Handler:
             Type = org.generation.ecommerce.controller.ProductosController
           Method = org.generation.ecommerce.controller.ProductosController#getProductos(Long)

Async:
    Async started = false
     Async result = null

Resolved Exception:
             Type = null

ModelAndView:
        View name = null
             View = null
            Model = null

FlashMap:
       Attributes = null

MockHttpServletResponse:
           Status = 200
    Error message = null
          Headers = [Content-Type:"application/json", X-Content-Type-Options:"nosniff", X-XSS-Protection:"1; mode=block", Cache-Control:"no-cache, no-store, max-age=0, must-revalidate", Pragma:"no-cache", Expires:"0", X-Frame-Options:"DENY"]
     Content type = application/json
             Body = {"id":4,"nombre":"Plumas Bic Cristal Intenso 12 piezas","descripcion":"Plima bic cristal dura más / punto medio / tinta negra","imagen":"515ftw-2.jpg","precio":49.95,"categoria_id":null}
    Forwarded URL = null
   Redirected URL = null
          Cookies = []
header.getAlgorithm(): HS256
key: sub value: amy@gmail.com
key: role value: user
key: iat value: 1720457489
key: exp value: 1720493489

MockHttpServletRequest:
      HTTP Method = PUT
      Request URI = /api/productos/4
       Parameters = {precio=[49.95]}
          Headers = [Authorization:"Bearer: eyJhbGciOiJIUzI1NiJ9.eyJzdWIiOiJhbXlAZ21haWwuY29tIiwicm9sZSI6InVzZXIiLCJpYXQiOjE3MjA0NTc0ODksImV4cCI6MTcyMDQ5MzQ4OX0.nHflVDZIm4AI4WKNQbBJiZOW71_dyzWt8d1grKg9JcI"]
             Body = null
    Session Attrs = {}

Handler:
             Type = org.generation.ecommerce.controller.ProductosController
           Method = org.generation.ecommerce.controller.ProductosController#updateProducto(Long, String, String, String, Double)

Async:
    Async started = false
     Async result = null

Resolved Exception:
             Type = null

ModelAndView:
        View name = null
             View = null
            Model = null

FlashMap:
       Attributes = null

MockHttpServletResponse:
           Status = 200
    Error message = null
          Headers = [Content-Type:"application/json", X-Content-Type-Options:"nosniff", X-XSS-Protection:"1; mode=block", Cache-Control:"no-cache, no-store, max-age=0, must-revalidate", Pragma:"no-cache", Expires:"0", X-Frame-Options:"DENY"]
     Content type = application/json
             Body = {"id":4,"nombre":"Plumas Bic Cristal Intenso 12 piezas","descripcion":"Plima bic cristal dura más / punto medio / tinta negra","imagen":"515ftw-2.jpg","precio":49.95,"categoria_id":null}
    Forwarded URL = null
   Redirected URL = null
          Cookies = []
]]></system-out>
  <system-err><![CDATA[]]></system-err>
</testsuite>
